<testsuites id="" name="" tests="2" failures="0" skipped="1" errors="1" time="37.551358">
<testsuite name="TC_Login.spec.js" timestamp="2026-05-20T11:20:23.616Z" hostname="chrome" tests="2" failures="0" skipped="1" time="3.937" errors="1">
<testcase name="Login to Salesforce › Step 1 - create new account" classname="TC_Login.spec.js" time="3.937">
<system-out>
<![CDATA[ Starting Salesforce Login (Hybrid Mode)...
Entered value: jk885827@resourceful-impala-ehughf.com
Entered value: Test@12345678
Authenticator page detected. Waiting for mobile device approval...
Still waiting for approval. 300s remaining...
 Waiting for auth page...
Login successful: https://resourceful-impala-ehughf-dev-ed.trailblaze.lightning.force.com/lightning/page/home
 Login successfully.
Entered value: Account_Lisa_84675

[[ATTACHMENT|test-results\TC_Login-Login-to-Salesforce-Step-1---create-new-account-chrome\error-context.md]]

[[ATTACHMENT|test-results\TC_Login-Login-to-Salesforce-Step-1---create-new-account-chrome\error-context.md]]
]]>
</system-out>
<error message="accountData is not defined" type="ReferenceError">
<![CDATA[  [chrome] › TC_Login.spec.js:34:7 › Login to Salesforce › Step 1 - create new account ─────────────

    ReferenceError: accountData is not defined

       at ..\pages\account.page.js:31

      29 |     async verifyAccountCreation()
      30 |     {
    > 31 |         const successMessageLocator = `//span[contains(text(),'${accountData.accountName} was created.')]`;
         |                                                                  ^
      32 |         await this.page.waitForSelector(successMessageLocator, { timeout: 10000 });
      33 |     }
      34 |
        at AccountPageMethods.verifyAccountCreation (C:\Users\MindRuby\Downloads\Salesforce\pages\account.page.js:31:66)
        at AccountPageMethods.createNewAccount (C:\Users\MindRuby\Downloads\Salesforce\pages\account.page.js:41:20)
        at C:\Users\MindRuby\Downloads\Salesforce\tests\TC_Login.spec.js:36:9

    Error Context: ..\test-results\TC_Login-Login-to-Salesforce-Step-1---create-new-account-chrome\error-context.md

    Error Context: ..\test-results\TC_Login-Login-to-Salesforce-Step-1---create-new-account-chrome\error-context.md
]]>
</error>
</testcase>
<testcase name="Login to Salesforce › Step 2 - create new opportunity" classname="TC_Login.spec.js">
<skipped>
</skipped>
</testcase>
</testsuite>
</testsuites>